#
# There is insufficient memory for the Java Runtime Environment to continue.
# Native memory allocation (mmap) failed to map 132120576 bytes. Error detail: G1 virtual space
# Possible reasons:
#   The system is out of physical RAM or swap space
#   This process is running with CompressedOops enabled, and the Java Heap may be blocking the growth of the native heap
# Possible solutions:
#   Reduce memory load on the system
#   Increase physical memory or swap space
#   Check if swap backing store is full
#   Decrease Java heap size (-Xmx/-Xms)
#   Decrease number of Java threads
#   Decrease Java thread stack sizes (-Xss)
#   Set larger code cache with -XX:ReservedCodeCacheSize=
#   JVM is running with Unscaled Compressed Oops mode in which the Java heap is
#     placed in the first 4GB address space. The Java Heap base address is the
#     maximum limit for the native heap growth. Please use -XX:HeapBaseMinAddress
#     to set the Java Heap base and to place the Java Heap above 4GB virtual address.
# This output file may be truncated or incomplete.
#
#  Out of Memory Error (os_windows.cpp:3703), pid=18608, tid=18180
#
# JRE version:  (23.0.1+11) (build )
# Java VM: OpenJDK 64-Bit Server VM (23.0.1+11-39, mixed mode, sharing, tiered, compressed oops, compressed class ptrs, g1 gc, windows-amd64)
# No core dump will be written. Minidumps are not enabled by default on client versions of Windows
#

---------------  S U M M A R Y ------------

Command Line: -javaagent:C:\Program Files\JetBrains\IntelliJ IDEA Community Edition 2024.2.4\lib\idea_rt.jar=8559:C:\Program Files\JetBrains\IntelliJ IDEA Community Edition 2024.2.4\bin -Dfile.encoding=UTF-8 -Dsun.stdout.encoding=UTF-8 -Dsun.stderr.encoding=UTF-8 oct_2024.ex_14102024.lab014

Host: Intel(R) Core(TM) i5-10210U CPU @ 1.60GHz, 8 cores, 7G,  Windows 11 , 64 bit Build 22621 (10.0.22621.3958)
Time: Mon Nov  4 12:07:11 2024 India Standard Time elapsed time: 0.015592 seconds (0d 0h 0m 0s)

---------------  T H R E A D  ---------------

Current thread (0x000002464e1f8b70):  JavaThread "Unknown thread" [_thread_in_vm, id=18180, stack(0x000000bc15400000,0x000000bc15500000) (1024K)]

Stack: [0x000000bc15400000,0x000000bc15500000]
Native frames: (J=compiled Java code, j=interpreted, Vv=VM code, C=native code)
V  [jvm.dll+0x6e08b9]  (no source info available)
V  [jvm.dll+0x87dc83]  (no source info available)
V  [jvm.dll+0x88010e]  (no source info available)
V  [jvm.dll+0x8807e3]  (no source info available)
V  [jvm.dll+0x27aee6]  (no source info available)
V  [jvm.dll+0x6dd1c5]  (no source info available)
V  [jvm.dll+0x6d104a]  (no source info available)
V  [jvm.dll+0x35b3ea]  (no source info available)
V  [jvm.dll+0x3637f6]  (no source info available)
V  [jvm.dll+0x34fd5e]  (no source info available)
V  [jvm.dll+0x34fff8]  (no source info available)
V  [jvm.dll+0x3289cc]  (no source info available)
V  [jvm.dll+0x32966e]  (no source info available)
V  [jvm.dll+0x844355]  (no source info available)
V  [jvm.dll+0x3b9848]  (no source info available)
V  [jvm.dll+0x82d14c]  (no source info available)
V  [jvm.dll+0x454d4e]  (no source info available)
V  [jvm.dll+0x456bd1]  (no source info available)
C  [jli.dll+0x52a3]  (no source info available)
C  [ucrtbase.dll+0x29333]  (no source info available)
C  [KERNEL32.DLL+0x1257d]  (no source info available)
C  [ntdll.dll+0x5af08]  (no source info available)

Lock stack of current Java thread (top to bottom):


---------------  P R O C E S S  ---------------

Threads class SMR info:
_java_thread_list=0x00007ffb19b33618, length=0, elements={
}

Java Threads: ( => current thread )
Total: 0

Other Threads:
  0x000002464e252090 WorkerThread "GC Thread#0"                     [id=12980, stack(0x000000bc15500000,0x000000bc15600000) (1024K)]
  0x000002464e266c00 ConcurrentGCThread "G1 Main Marker"            [id=11612, stack(0x000000bc15600000,0x000000bc15700000) (1024K)]
  0x000002464e267710 WorkerThread "G1 Conc#0"                       [id=13692, stack(0x000000bc15700000,0x000000bc15800000) (1024K)]

[error occurred during error reporting (printing all threads), id 0xc0000005, EXCEPTION_ACCESS_VIOLATION (0xc0000005) at pc=0x00007ffb1927bfba]
VM state: not at safepoint (not fully initialized)

VM Mutex/Monitor currently owned by a thread:  ([mutex/lock_event])
[0x00007ffb19bb3a10] Heap_lock - owner thread: 0x000002464e1f8b70

Heap address: 0x0000000082a00000, size: 2006 MB, Compressed Oops mode: 32-bit

CDS archive(s) mapped at: [0x0000000000000000-0x0000000000000000-0x0000000000000000), size 0, SharedBaseAddress: 0x0000000800000000, ArchiveRelocationMode: 1.
Narrow klass base: 0x0000000000000000, Narrow klass shift: 0, Narrow klass range: 0x0

GC Precious Log:
 CardTable entry size: 512
 Card Set container configuration: InlinePtr #cards 5 size 8 Array Of Cards #cards 10 size 36 Howl #buckets 4 coarsen threshold 1843 Howl Bitmap #cards 512 size 80 coarsen threshold 460 Card regions per heap region 1 cards per card region 2048

Heap:
 garbage-first heap   total reserved 2054144K, committed 0K, used 0K [0x0000000082a00000, 0x0000000100000000)
  region size 1024K, 0 young (0K), 0 survivors (0K)

[error occurred during error reporting (printing heap information), id 0xc0000005, EXCEPTION_ACCESS_VIOLATION (0xc0000005) at pc=0x00007ffb1967c3c9]
GC Heap History (0 events):
No events

Dll operation events (1 events):
Event: 0.011 Loaded shared library C:\Users\Prakhar Varshney\.jdks\openjdk-23.0.1\bin\java.dll

Deoptimization events (0 events):
No events

Classes loaded (0 events):
No events

Classes unloaded (0 events):
No events

Classes redefined (0 events):
No events

Internal exceptions (0 events):
No events

VM Operations (0 events):
No events

Memory protections (0 events):
No events

Nmethod flushes (0 events):
No events

Events (0 events):
No events


Dynamic libraries:
0x00007ff65f420000 - 0x00007ff65f42e000 	C:\Users\Prakhar Varshney\.jdks\openjdk-23.0.1\bin\java.exe
0x00007ffb77c30000 - 0x00007ffb77e47000 	C:\WINDOWS\SYSTEM32\ntdll.dll
0x00007ffb76dd0000 - 0x00007ffb76e94000 	C:\WINDOWS\System32\KERNEL32.DLL
0x00007ffb75390000 - 0x00007ffb75747000 	C:\WINDOWS\System32\KERNELBASE.dll
0x00007ffb75750000 - 0x00007ffb75861000 	C:\WINDOWS\System32\ucrtbase.dll
0x00007ffb67240000 - 0x00007ffb67257000 	C:\Users\Prakhar Varshney\.jdks\openjdk-23.0.1\bin\jli.dll
0x00007ffb5f370000 - 0x00007ffb5f38b000 	C:\Users\Prakhar Varshney\.jdks\openjdk-23.0.1\bin\VCRUNTIME140.dll
0x00007ffb76780000 - 0x00007ffb7692f000 	C:\WINDOWS\System32\USER32.dll
0x00007ffb74130000 - 0x00007ffb743c3000 	C:\WINDOWS\WinSxS\amd64_microsoft.windows.common-controls_6595b64144ccf1df_6.0.22621.3672_none_2713b9d173822955\COMCTL32.dll
0x00007ffb76d20000 - 0x00007ffb76dc7000 	C:\WINDOWS\System32\msvcrt.dll
0x00007ffb75870000 - 0x00007ffb75896000 	C:\WINDOWS\System32\win32u.dll
0x00007ffb776c0000 - 0x00007ffb776e9000 	C:\WINDOWS\System32\GDI32.dll
0x00007ffb74f70000 - 0x00007ffb75088000 	C:\WINDOWS\System32\gdi32full.dll
0x00007ffb75090000 - 0x00007ffb7512a000 	C:\WINDOWS\System32\msvcp_win.dll
0x00007ffb76c80000 - 0x00007ffb76cb1000 	C:\WINDOWS\System32\IMM32.DLL
0x00007ffb6ce40000 - 0x00007ffb6ce4c000 	C:\Users\Prakhar Varshney\.jdks\openjdk-23.0.1\bin\vcruntime140_1.dll
0x00007ffb4d9d0000 - 0x00007ffb4da5e000 	C:\Users\Prakhar Varshney\.jdks\openjdk-23.0.1\bin\msvcp140.dll
0x00007ffb18f40000 - 0x00007ffb19c8f000 	C:\Users\Prakhar Varshney\.jdks\openjdk-23.0.1\bin\server\jvm.dll
0x00007ffb77450000 - 0x00007ffb77502000 	C:\WINDOWS\System32\ADVAPI32.dll
0x00007ffb77190000 - 0x00007ffb77238000 	C:\WINDOWS\System32\sechost.dll
0x00007ffb74f40000 - 0x00007ffb74f68000 	C:\WINDOWS\System32\bcrypt.dll
0x00007ffb77250000 - 0x00007ffb77364000 	C:\WINDOWS\System32\RPCRT4.dll
0x00007ffb76c00000 - 0x00007ffb76c71000 	C:\WINDOWS\System32\WS2_32.dll
0x00007ffb74c60000 - 0x00007ffb74cad000 	C:\WINDOWS\SYSTEM32\POWRPROF.dll
0x00007ffb6c240000 - 0x00007ffb6c24a000 	C:\WINDOWS\SYSTEM32\VERSION.dll
0x00007ffb5c670000 - 0x00007ffb5c6a4000 	C:\WINDOWS\SYSTEM32\WINMM.dll
0x00007ffb74c40000 - 0x00007ffb74c53000 	C:\WINDOWS\SYSTEM32\UMPDC.dll
0x00007ffb736b0000 - 0x00007ffb736c8000 	C:\WINDOWS\SYSTEM32\kernel.appcore.dll
0x00007ffb6c080000 - 0x00007ffb6c08a000 	C:\Users\Prakhar Varshney\.jdks\openjdk-23.0.1\bin\jimage.dll
0x00007ffb74820000 - 0x00007ffb74a52000 	C:\WINDOWS\SYSTEM32\DBGHELP.DLL
0x00007ffb776f0000 - 0x00007ffb77a7e000 	C:\WINDOWS\System32\combase.dll
0x00007ffb76f50000 - 0x00007ffb77027000 	C:\WINDOWS\System32\OLEAUT32.dll
0x00007ffb74710000 - 0x00007ffb74742000 	C:\WINDOWS\SYSTEM32\dbgcore.DLL
0x00007ffb751a0000 - 0x00007ffb7521b000 	C:\WINDOWS\System32\bcryptPrimitives.dll
0x00007ffb6bec0000 - 0x00007ffb6becf000 	C:\Users\Prakhar Varshney\.jdks\openjdk-23.0.1\bin\instrument.dll
0x00007ffb5e690000 - 0x00007ffb5e6ae000 	C:\Users\Prakhar Varshney\.jdks\openjdk-23.0.1\bin\java.dll
0x00007ffb77510000 - 0x00007ffb776b5000 	C:\WINDOWS\System32\ole32.dll
0x00007ffb75f10000 - 0x00007ffb76779000 	C:\WINDOWS\System32\SHELL32.dll

dbghelp: loaded successfully - version: 4.0.5 - missing functions: none
symbol engine: initialized successfully - sym options: 0x614 - pdb path: .;C:\Users\Prakhar Varshney\.jdks\openjdk-23.0.1\bin;C:\WINDOWS\SYSTEM32;C:\WINDOWS\WinSxS\amd64_microsoft.windows.common-controls_6595b64144ccf1df_6.0.22621.3672_none_2713b9d173822955;C:\Users\Prakhar Varshney\.jdks\openjdk-23.0.1\bin\server

VM Arguments:
jvm_args: -javaagent:C:\Program Files\JetBrains\IntelliJ IDEA Community Edition 2024.2.4\lib\idea_rt.jar=8559:C:\Program Files\JetBrains\IntelliJ IDEA Community Edition 2024.2.4\bin -Dfile.encoding=UTF-8 -Dsun.stdout.encoding=UTF-8 -Dsun.stderr.encoding=UTF-8 
java_command: oct_2024.ex_14102024.lab014
java_class_path (initial): C:\Users\Prakhar Varshney\IdeaProjects\ATB9xJavaProgram\out\production\ATB9xJavaProgram
Launcher Type: SUN_STANDARD

[Global flags]
     intx CICompilerCount                          = 4                                         {product} {ergonomic}
     uint ConcGCThreads                            = 2                                         {product} {ergonomic}
     uint G1ConcRefinementThreads                  = 8                                         {product} {ergonomic}
   size_t G1HeapRegionSize                         = 1048576                                   {product} {ergonomic}
   size_t InitialHeapSize                          = 132120576                                 {product} {ergonomic}
   size_t MarkStackSize                            = 4194304                                   {product} {ergonomic}
   size_t MarkStackSizeMax                         = 536870912                                 {product} {ergonomic}
   size_t MaxHeapSize                              = 2103443456                                {product} {ergonomic}
   size_t MinHeapDeltaBytes                        = 1048576                                   {product} {ergonomic}
   size_t MinHeapSize                              = 8388608                                   {product} {ergonomic}
    uintx NonNMethodCodeHeapSize                   = 5832704                                {pd product} {ergonomic}
    uintx NonProfiledCodeHeapSize                  = 122945536                              {pd product} {ergonomic}
    uintx ProfiledCodeHeapSize                     = 122880000                              {pd product} {ergonomic}
    uintx ReservedCodeCacheSize                    = 251658240                              {pd product} {ergonomic}
     bool SegmentedCodeCache                       = true                                      {product} {ergonomic}
   size_t SoftMaxHeapSize                          = 2103443456                             {manageable} {ergonomic}
     bool UseCompressedOops                        = true                           {product lp64_product} {ergonomic}
     bool UseG1GC                                  = true                                      {product} {ergonomic}
     bool UseLargePagesIndividualAllocation        = false                                  {pd product} {ergonomic}

Logging:
Log output configuration:
 #0: stdout all=warning uptime,level,tags foldmultilines=false
 #1: stderr all=off uptime,level,tags foldmultilines=false

Environment Variables:
JAVA_HOME=C:\Program Files\OpenLogic\jdk-21.0.5.11-hotspot
PATH=C:\Program Files\OpenLogic\jdk-21.0.5.11-hotspot\bin;C:\Program Files\Common Files\Oracle\Java\javapath;C:\WINDOWS\system32;C:\WINDOWS;C:\WINDOWS\System32\Wbem;C:\WINDOWS\System32\WindowsPowerShell\v1.0\;C:\WINDOWS\System32\OpenSSH\;C:\Jmeter\apache-jmeter-5.5\bin;C:\Program Files\Java\jdk-23;C:\Program Files\Git\cmd;C:\Users\Prakhar Varshney\anaconda3;C:\Users\Prakhar Varshney\anaconda3\Library\mingw-w64\bin;C:\Users\Prakhar Varshney\anaconda3\Library\usr\bin;C:\Users\Prakhar Varshney\anaconda3\Library\bin;C:\Users\Prakhar Varshney\anaconda3\Scripts;C:\Users\Prakhar Varshney\AppData\Local\Microsoft\WindowsApps;;C:\Program Files\JetBrains\IntelliJ IDEA Community Edition 2022.3.2\bin;
USERNAME=Prakhar Varshney
OS=Windows_NT
PROCESSOR_IDENTIFIER=Intel64 Family 6 Model 142 Stepping 12, GenuineIntel
TMP=C:\Users\PRAKHA~1\AppData\Local\Temp
TEMP=C:\Users\PRAKHA~1\AppData\Local\Temp




Periodic native trim disabled

---------------  S Y S T E M  ---------------

OS:
 Windows 11 , 64 bit Build 22621 (10.0.22621.3958)
OS uptime: 6 days 0:54 hours

CPU: total 8 (initial active 8) (4 cores per cpu, 2 threads per core) family 6 model 142 stepping 12 microcode 0xde, cx8, cmov, fxsr, ht, mmx, 3dnowpref, sse, sse2, sse3, ssse3, sse4.1, sse4.2, popcnt, lzcnt, tsc, tscinvbit, avx, avx2, aes, erms, clmul, bmi1, bmi2, adx, fma, vzeroupper, clflush, clflushopt, rdtscp, f16c
Processor Information for the first 8 processors :
  Max Mhz: 2112, Current Mhz: 1609, Mhz Limit: 1605

Memory: 4k page, system-wide physical 8022M (548M free)
TotalPageFile size 11094M (AvailPageFile size 111M)
current process WorkingSet (physical memory assigned to process): 12M, peak: 12M
current process commit charge ("private bytes"): 60M, peak: 186M

vm_info: OpenJDK 64-Bit Server VM (23.0.1+11-39) for windows-amd64 JRE (23.0.1+11-39), built on 2024-09-30T07:20:43Z with MS VC++ 17.6 (VS2022)

END.
